2025-05-26 12:34:57,726 - scheduler.spider_scheduler - INFO - Starting Spider Scheduler...
2025-05-26 12:34:57,726 - scheduler.spider_scheduler - INFO - Working directory: /home/websinthe/code/econcell
2025-05-26 12:34:57,726 - scheduler.spider_scheduler - INFO - Scrapy project directory: /home/websinthe/code/econcell/src/econdata
2025-05-26 12:34:57,727 - apscheduler.scheduler - INFO - Adding job tentatively -- it will be properly scheduled when the scheduler starts
2025-05-26 12:34:57,727 - apscheduler.scheduler - INFO - Adding job tentatively -- it will be properly scheduled when the scheduler starts
2025-05-26 12:34:57,727 - scheduler.spider_scheduler - INFO - Scheduled jobs configured:
2025-05-26 12:34:57,727 - scheduler.spider_scheduler - INFO - - RBA Tables: Weekly on Saturday at 01:00 UTC+10
2025-05-26 12:34:57,727 - scheduler.spider_scheduler - INFO - - XR API Currencies: Daily at 01:00 UTC+10
2025-05-26 12:35:43,481 - scheduler.spider_scheduler - INFO - Starting Spider Scheduler...
2025-05-26 12:35:43,481 - scheduler.spider_scheduler - INFO - Working directory: /home/websinthe/code/econcell
2025-05-26 12:35:43,481 - scheduler.spider_scheduler - INFO - Scrapy project directory: /home/websinthe/code/econcell/src/econdata
2025-05-26 12:35:43,481 - apscheduler.scheduler - INFO - Adding job tentatively -- it will be properly scheduled when the scheduler starts
2025-05-26 12:35:43,482 - apscheduler.scheduler - INFO - Adding job tentatively -- it will be properly scheduled when the scheduler starts
2025-05-26 12:35:43,482 - scheduler.spider_scheduler - INFO - Scheduled jobs configured:
2025-05-26 12:35:43,482 - scheduler.spider_scheduler - INFO - - RBA Tables: Weekly on Saturday at 01:00 UTC+10
2025-05-26 12:35:43,482 - scheduler.spider_scheduler - INFO - - XR API Currencies: Daily at 01:00 UTC+10
2025-05-26 12:35:43,482 - scheduler.spider_scheduler - INFO - Scheduler started. Press Ctrl+C to stop.
2025-05-26 12:35:43,482 - apscheduler.scheduler - INFO - Added job "RBA Tables Weekly Spider" to job store "default"
2025-05-26 12:35:43,482 - apscheduler.scheduler - INFO - Added job "XR API Currencies Daily Spider" to job store "default"
2025-05-26 12:35:43,482 - apscheduler.scheduler - INFO - Scheduler started
2025-05-26 12:35:48,341 - scheduler.spider_scheduler - INFO - Received signal 15, shutting down gracefully...
2025-05-26 12:35:48,341 - scheduler.spider_scheduler - INFO - Shutting down scheduler...
2025-05-26 12:35:48,341 - apscheduler.scheduler - INFO - Scheduler has been shut down
2025-05-26 12:35:48,341 - scheduler.spider_scheduler - INFO - Scheduler shutdown complete
2025-05-26 12:37:34,428 - scheduler.spider_scheduler - INFO - Starting Spider Scheduler...
2025-05-26 12:37:34,428 - scheduler.spider_scheduler - INFO - Working directory: /home/websinthe/code/econcell
2025-05-26 12:37:34,428 - scheduler.spider_scheduler - INFO - Scrapy project directory: /home/websinthe/code/econcell/src/econdata
2025-05-26 12:37:34,428 - apscheduler.scheduler - INFO - Adding job tentatively -- it will be properly scheduled when the scheduler starts
2025-05-26 12:37:34,428 - apscheduler.scheduler - INFO - Adding job tentatively -- it will be properly scheduled when the scheduler starts
2025-05-26 12:37:34,428 - scheduler.spider_scheduler - INFO - Scheduled jobs configured:
2025-05-26 12:37:34,428 - scheduler.spider_scheduler - INFO - - RBA Tables: Weekly on Saturday at 01:00 UTC+10
2025-05-26 12:37:34,428 - scheduler.spider_scheduler - INFO - - XR API Currencies: Daily at 01:00 UTC+10
2025-05-26 12:37:34,428 - scheduler.spider_scheduler - INFO - Scheduler started. Press Ctrl+C to stop.
2025-05-26 12:37:34,429 - apscheduler.scheduler - INFO - Added job "RBA Tables Weekly Spider" to job store "default"
2025-05-26 12:37:34,429 - apscheduler.scheduler - INFO - Added job "XR API Currencies Daily Spider" to job store "default"
2025-05-26 12:37:34,429 - apscheduler.scheduler - INFO - Scheduler started
2025-05-26 12:42:53,732 - scheduler.spider_scheduler - INFO - Received signal 2, shutting down gracefully...
2025-05-26 12:42:53,732 - scheduler.spider_scheduler - INFO - Shutting down scheduler...
2025-05-26 12:42:53,732 - apscheduler.scheduler - INFO - Scheduler has been shut down
2025-05-26 12:42:53,732 - scheduler.spider_scheduler - INFO - Scheduler shutdown complete
2025-05-26 12:47:28,778 - scheduler.spider_scheduler - INFO - Running spider 'rba_tables' immediately
2025-05-26 12:47:28,778 - scheduler.spider_scheduler - INFO - Scheduled execution: RBA Tables spider
2025-05-26 12:47:28,778 - scheduler.spider_scheduler - INFO - Starting spider: rba_tables
2025-05-26 12:47:28,920 - scheduler.spider_scheduler - ERROR - Spider 'rba_tables' failed with return code 1
2025-05-26 12:47:28,920 - scheduler.spider_scheduler - ERROR - Spider error: Traceback (most recent call last):
  File "/home/websinthe/code/econcell/.venv/bin/scrapy", line 10, in <module>
    sys.exit(execute())
             ^^^^^^^^^
  File "/home/websinthe/code/econcell/.venv/lib/python3.12/site-packages/scrapy/cmdline.py", line 172, in execute
    settings = get_project_settings()
               ^^^^^^^^^^^^^^^^^^^^^^
  File "/home/websinthe/code/econcell/.venv/lib/python3.12/site-packages/scrapy/utils/project.py", line 73, in get_project_settings
    settings.setmodule(settings_module_path, priority="project")
  File "/home/websinthe/code/econcell/.venv/lib/python3.12/site-packages/scrapy/settings/__init__.py", line 481, in setmodule
    module = import_module(module)
             ^^^^^^^^^^^^^^^^^^^^^
  File "/home/websinthe/.local/share/uv/python/cpython-3.12.10-linux-x86_64-gnu/lib/python3.12/importlib/__init__.py", line 90, in import_module
    return _bootstrap._gcd_import(name[level:], package, level)
           ^^^^^^^^^^^^^^^^^^^^^^^^^^^^^^^^^^^^^^^^^^^^^^^^^^^^
  File "<frozen importlib._bootstrap>", line 1387, in _gcd_import
  File "<frozen importlib._bootstrap>", line 1360, in _find_and_load
  File "<frozen importlib._bootstrap>", line 1324, in _find_and_load_unlocked
ModuleNotFoundError: No module named 'econdata.settings'

2025-05-26 12:47:28,920 - scheduler.spider_scheduler - ERROR - Error running spider 'rba_tables': Spider execution failed: Traceback (most recent call last):
  File "/home/websinthe/code/econcell/.venv/bin/scrapy", line 10, in <module>
    sys.exit(execute())
             ^^^^^^^^^
  File "/home/websinthe/code/econcell/.venv/lib/python3.12/site-packages/scrapy/cmdline.py", line 172, in execute
    settings = get_project_settings()
               ^^^^^^^^^^^^^^^^^^^^^^
  File "/home/websinthe/code/econcell/.venv/lib/python3.12/site-packages/scrapy/utils/project.py", line 73, in get_project_settings
    settings.setmodule(settings_module_path, priority="project")
  File "/home/websinthe/code/econcell/.venv/lib/python3.12/site-packages/scrapy/settings/__init__.py", line 481, in setmodule
    module = import_module(module)
             ^^^^^^^^^^^^^^^^^^^^^
  File "/home/websinthe/.local/share/uv/python/cpython-3.12.10-linux-x86_64-gnu/lib/python3.12/importlib/__init__.py", line 90, in import_module
    return _bootstrap._gcd_import(name[level:], package, level)
           ^^^^^^^^^^^^^^^^^^^^^^^^^^^^^^^^^^^^^^^^^^^^^^^^^^^^
  File "<frozen importlib._bootstrap>", line 1387, in _gcd_import
  File "<frozen importlib._bootstrap>", line 1360, in _find_and_load
  File "<frozen importlib._bootstrap>", line 1324, in _find_and_load_unlocked
ModuleNotFoundError: No module named 'econdata.settings'
Traceback (most recent call last):
  File "/home/websinthe/code/econcell/src/scheduler/spider_scheduler.py", line 126, in run_spider
    raise RuntimeError(f"Spider execution failed: {result.stderr}")
RuntimeError: Spider execution failed: Traceback (most recent call last):
  File "/home/websinthe/code/econcell/.venv/bin/scrapy", line 10, in <module>
    sys.exit(execute())
             ^^^^^^^^^
  File "/home/websinthe/code/econcell/.venv/lib/python3.12/site-packages/scrapy/cmdline.py", line 172, in execute
    settings = get_project_settings()
               ^^^^^^^^^^^^^^^^^^^^^^
  File "/home/websinthe/code/econcell/.venv/lib/python3.12/site-packages/scrapy/utils/project.py", line 73, in get_project_settings
    settings.setmodule(settings_module_path, priority="project")
  File "/home/websinthe/code/econcell/.venv/lib/python3.12/site-packages/scrapy/settings/__init__.py", line 481, in setmodule
    module = import_module(module)
             ^^^^^^^^^^^^^^^^^^^^^
  File "/home/websinthe/.local/share/uv/python/cpython-3.12.10-linux-x86_64-gnu/lib/python3.12/importlib/__init__.py", line 90, in import_module
    return _bootstrap._gcd_import(name[level:], package, level)
           ^^^^^^^^^^^^^^^^^^^^^^^^^^^^^^^^^^^^^^^^^^^^^^^^^^^^
  File "<frozen importlib._bootstrap>", line 1387, in _gcd_import
  File "<frozen importlib._bootstrap>", line 1360, in _find_and_load
  File "<frozen importlib._bootstrap>", line 1324, in _find_and_load_unlocked
ModuleNotFoundError: No module named 'econdata.settings'

2025-05-26 12:47:28,921 - scheduler.spider_scheduler - ERROR - Failed to run spider 'rba_tables': Spider execution failed: Traceback (most recent call last):
  File "/home/websinthe/code/econcell/.venv/bin/scrapy", line 10, in <module>
    sys.exit(execute())
             ^^^^^^^^^
  File "/home/websinthe/code/econcell/.venv/lib/python3.12/site-packages/scrapy/cmdline.py", line 172, in execute
    settings = get_project_settings()
               ^^^^^^^^^^^^^^^^^^^^^^
  File "/home/websinthe/code/econcell/.venv/lib/python3.12/site-packages/scrapy/utils/project.py", line 73, in get_project_settings
    settings.setmodule(settings_module_path, priority="project")
  File "/home/websinthe/code/econcell/.venv/lib/python3.12/site-packages/scrapy/settings/__init__.py", line 481, in setmodule
    module = import_module(module)
             ^^^^^^^^^^^^^^^^^^^^^
  File "/home/websinthe/.local/share/uv/python/cpython-3.12.10-linux-x86_64-gnu/lib/python3.12/importlib/__init__.py", line 90, in import_module
    return _bootstrap._gcd_import(name[level:], package, level)
           ^^^^^^^^^^^^^^^^^^^^^^^^^^^^^^^^^^^^^^^^^^^^^^^^^^^^
  File "<frozen importlib._bootstrap>", line 1387, in _gcd_import
  File "<frozen importlib._bootstrap>", line 1360, in _find_and_load
  File "<frozen importlib._bootstrap>", line 1324, in _find_and_load_unlocked
ModuleNotFoundError: No module named 'econdata.settings'
Traceback (most recent call last):
  File "/home/websinthe/code/econcell/src/scheduler/spider_scheduler.py", line 126, in run_spider
    raise RuntimeError(f"Spider execution failed: {result.stderr}")
RuntimeError: Spider execution failed: Traceback (most recent call last):
  File "/home/websinthe/code/econcell/.venv/bin/scrapy", line 10, in <module>
    sys.exit(execute())
             ^^^^^^^^^
  File "/home/websinthe/code/econcell/.venv/lib/python3.12/site-packages/scrapy/cmdline.py", line 172, in execute
    settings = get_project_settings()
               ^^^^^^^^^^^^^^^^^^^^^^
  File "/home/websinthe/code/econcell/.venv/lib/python3.12/site-packages/scrapy/utils/project.py", line 73, in get_project_settings
    settings.setmodule(settings_module_path, priority="project")
  File "/home/websinthe/code/econcell/.venv/lib/python3.12/site-packages/scrapy/settings/__init__.py", line 481, in setmodule
    module = import_module(module)
             ^^^^^^^^^^^^^^^^^^^^^
  File "/home/websinthe/.local/share/uv/python/cpython-3.12.10-linux-x86_64-gnu/lib/python3.12/importlib/__init__.py", line 90, in import_module
    return _bootstrap._gcd_import(name[level:], package, level)
           ^^^^^^^^^^^^^^^^^^^^^^^^^^^^^^^^^^^^^^^^^^^^^^^^^^^^
  File "<frozen importlib._bootstrap>", line 1387, in _gcd_import
  File "<frozen importlib._bootstrap>", line 1360, in _find_and_load
  File "<frozen importlib._bootstrap>", line 1324, in _find_and_load_unlocked
ModuleNotFoundError: No module named 'econdata.settings'

2025-05-26 12:47:53,084 - scheduler.spider_scheduler - INFO - Running spider 'xrapi-currencies' immediately
2025-05-26 12:47:53,084 - scheduler.spider_scheduler - INFO - Scheduled execution: XR API Currencies spider
2025-05-26 12:47:53,085 - scheduler.spider_scheduler - INFO - Starting spider: xrapi-currencies
2025-05-26 12:47:53,229 - scheduler.spider_scheduler - ERROR - Spider 'xrapi-currencies' failed with return code 1
2025-05-26 12:47:53,229 - scheduler.spider_scheduler - ERROR - Spider error: Traceback (most recent call last):
  File "/home/websinthe/code/econcell/.venv/bin/scrapy", line 10, in <module>
    sys.exit(execute())
             ^^^^^^^^^
  File "/home/websinthe/code/econcell/.venv/lib/python3.12/site-packages/scrapy/cmdline.py", line 172, in execute
    settings = get_project_settings()
               ^^^^^^^^^^^^^^^^^^^^^^
  File "/home/websinthe/code/econcell/.venv/lib/python3.12/site-packages/scrapy/utils/project.py", line 73, in get_project_settings
    settings.setmodule(settings_module_path, priority="project")
  File "/home/websinthe/code/econcell/.venv/lib/python3.12/site-packages/scrapy/settings/__init__.py", line 481, in setmodule
    module = import_module(module)
             ^^^^^^^^^^^^^^^^^^^^^
  File "/home/websinthe/.local/share/uv/python/cpython-3.12.10-linux-x86_64-gnu/lib/python3.12/importlib/__init__.py", line 90, in import_module
    return _bootstrap._gcd_import(name[level:], package, level)
           ^^^^^^^^^^^^^^^^^^^^^^^^^^^^^^^^^^^^^^^^^^^^^^^^^^^^
  File "<frozen importlib._bootstrap>", line 1387, in _gcd_import
  File "<frozen importlib._bootstrap>", line 1360, in _find_and_load
  File "<frozen importlib._bootstrap>", line 1324, in _find_and_load_unlocked
ModuleNotFoundError: No module named 'econdata.settings'

2025-05-26 12:47:53,229 - scheduler.spider_scheduler - ERROR - Error running spider 'xrapi-currencies': Spider execution failed: Traceback (most recent call last):
  File "/home/websinthe/code/econcell/.venv/bin/scrapy", line 10, in <module>
    sys.exit(execute())
             ^^^^^^^^^
  File "/home/websinthe/code/econcell/.venv/lib/python3.12/site-packages/scrapy/cmdline.py", line 172, in execute
    settings = get_project_settings()
               ^^^^^^^^^^^^^^^^^^^^^^
  File "/home/websinthe/code/econcell/.venv/lib/python3.12/site-packages/scrapy/utils/project.py", line 73, in get_project_settings
    settings.setmodule(settings_module_path, priority="project")
  File "/home/websinthe/code/econcell/.venv/lib/python3.12/site-packages/scrapy/settings/__init__.py", line 481, in setmodule
    module = import_module(module)
             ^^^^^^^^^^^^^^^^^^^^^
  File "/home/websinthe/.local/share/uv/python/cpython-3.12.10-linux-x86_64-gnu/lib/python3.12/importlib/__init__.py", line 90, in import_module
    return _bootstrap._gcd_import(name[level:], package, level)
           ^^^^^^^^^^^^^^^^^^^^^^^^^^^^^^^^^^^^^^^^^^^^^^^^^^^^
  File "<frozen importlib._bootstrap>", line 1387, in _gcd_import
  File "<frozen importlib._bootstrap>", line 1360, in _find_and_load
  File "<frozen importlib._bootstrap>", line 1324, in _find_and_load_unlocked
ModuleNotFoundError: No module named 'econdata.settings'
Traceback (most recent call last):
  File "/home/websinthe/code/econcell/src/scheduler/spider_scheduler.py", line 126, in run_spider
    raise RuntimeError(f"Spider execution failed: {result.stderr}")
RuntimeError: Spider execution failed: Traceback (most recent call last):
  File "/home/websinthe/code/econcell/.venv/bin/scrapy", line 10, in <module>
    sys.exit(execute())
             ^^^^^^^^^
  File "/home/websinthe/code/econcell/.venv/lib/python3.12/site-packages/scrapy/cmdline.py", line 172, in execute
    settings = get_project_settings()
               ^^^^^^^^^^^^^^^^^^^^^^
  File "/home/websinthe/code/econcell/.venv/lib/python3.12/site-packages/scrapy/utils/project.py", line 73, in get_project_settings
    settings.setmodule(settings_module_path, priority="project")
  File "/home/websinthe/code/econcell/.venv/lib/python3.12/site-packages/scrapy/settings/__init__.py", line 481, in setmodule
    module = import_module(module)
             ^^^^^^^^^^^^^^^^^^^^^
  File "/home/websinthe/.local/share/uv/python/cpython-3.12.10-linux-x86_64-gnu/lib/python3.12/importlib/__init__.py", line 90, in import_module
    return _bootstrap._gcd_import(name[level:], package, level)
           ^^^^^^^^^^^^^^^^^^^^^^^^^^^^^^^^^^^^^^^^^^^^^^^^^^^^
  File "<frozen importlib._bootstrap>", line 1387, in _gcd_import
  File "<frozen importlib._bootstrap>", line 1360, in _find_and_load
  File "<frozen importlib._bootstrap>", line 1324, in _find_and_load_unlocked
ModuleNotFoundError: No module named 'econdata.settings'

2025-05-26 12:47:53,229 - scheduler.spider_scheduler - ERROR - Failed to run spider 'xrapi-currencies': Spider execution failed: Traceback (most recent call last):
  File "/home/websinthe/code/econcell/.venv/bin/scrapy", line 10, in <module>
    sys.exit(execute())
             ^^^^^^^^^
  File "/home/websinthe/code/econcell/.venv/lib/python3.12/site-packages/scrapy/cmdline.py", line 172, in execute
    settings = get_project_settings()
               ^^^^^^^^^^^^^^^^^^^^^^
  File "/home/websinthe/code/econcell/.venv/lib/python3.12/site-packages/scrapy/utils/project.py", line 73, in get_project_settings
    settings.setmodule(settings_module_path, priority="project")
  File "/home/websinthe/code/econcell/.venv/lib/python3.12/site-packages/scrapy/settings/__init__.py", line 481, in setmodule
    module = import_module(module)
             ^^^^^^^^^^^^^^^^^^^^^
  File "/home/websinthe/.local/share/uv/python/cpython-3.12.10-linux-x86_64-gnu/lib/python3.12/importlib/__init__.py", line 90, in import_module
    return _bootstrap._gcd_import(name[level:], package, level)
           ^^^^^^^^^^^^^^^^^^^^^^^^^^^^^^^^^^^^^^^^^^^^^^^^^^^^
  File "<frozen importlib._bootstrap>", line 1387, in _gcd_import
  File "<frozen importlib._bootstrap>", line 1360, in _find_and_load
  File "<frozen importlib._bootstrap>", line 1324, in _find_and_load_unlocked
ModuleNotFoundError: No module named 'econdata.settings'
Traceback (most recent call last):
  File "/home/websinthe/code/econcell/src/scheduler/spider_scheduler.py", line 126, in run_spider
    raise RuntimeError(f"Spider execution failed: {result.stderr}")
RuntimeError: Spider execution failed: Traceback (most recent call last):
  File "/home/websinthe/code/econcell/.venv/bin/scrapy", line 10, in <module>
    sys.exit(execute())
             ^^^^^^^^^
  File "/home/websinthe/code/econcell/.venv/lib/python3.12/site-packages/scrapy/cmdline.py", line 172, in execute
    settings = get_project_settings()
               ^^^^^^^^^^^^^^^^^^^^^^
  File "/home/websinthe/code/econcell/.venv/lib/python3.12/site-packages/scrapy/utils/project.py", line 73, in get_project_settings
    settings.setmodule(settings_module_path, priority="project")
  File "/home/websinthe/code/econcell/.venv/lib/python3.12/site-packages/scrapy/settings/__init__.py", line 481, in setmodule
    module = import_module(module)
             ^^^^^^^^^^^^^^^^^^^^^
  File "/home/websinthe/.local/share/uv/python/cpython-3.12.10-linux-x86_64-gnu/lib/python3.12/importlib/__init__.py", line 90, in import_module
    return _bootstrap._gcd_import(name[level:], package, level)
           ^^^^^^^^^^^^^^^^^^^^^^^^^^^^^^^^^^^^^^^^^^^^^^^^^^^^
  File "<frozen importlib._bootstrap>", line 1387, in _gcd_import
  File "<frozen importlib._bootstrap>", line 1360, in _find_and_load
  File "<frozen importlib._bootstrap>", line 1324, in _find_and_load_unlocked
ModuleNotFoundError: No module named 'econdata.settings'

2025-05-26 12:51:43,901 - scheduler.spider_scheduler - INFO - Running spider 'rba_tables' immediately
2025-05-26 12:51:43,901 - scheduler.spider_scheduler - INFO - Scheduled execution: RBA Tables spider
2025-05-26 12:51:43,901 - scheduler.spider_scheduler - INFO - Starting spider: rba_tables
2025-05-26 12:51:44,061 - scheduler.spider_scheduler - ERROR - Spider 'rba_tables' failed with return code 1
2025-05-26 12:51:44,061 - scheduler.spider_scheduler - ERROR - Spider error: Traceback (most recent call last):
  File "/home/websinthe/code/econcell/.venv/bin/scrapy", line 10, in <module>
    sys.exit(execute())
             ^^^^^^^^^
  File "/home/websinthe/code/econcell/.venv/lib/python3.12/site-packages/scrapy/cmdline.py", line 172, in execute
    settings = get_project_settings()
               ^^^^^^^^^^^^^^^^^^^^^^
  File "/home/websinthe/code/econcell/.venv/lib/python3.12/site-packages/scrapy/utils/project.py", line 73, in get_project_settings
    settings.setmodule(settings_module_path, priority="project")
  File "/home/websinthe/code/econcell/.venv/lib/python3.12/site-packages/scrapy/settings/__init__.py", line 481, in setmodule
    module = import_module(module)
             ^^^^^^^^^^^^^^^^^^^^^
  File "/home/websinthe/.local/share/uv/python/cpython-3.12.10-linux-x86_64-gnu/lib/python3.12/importlib/__init__.py", line 90, in import_module
    return _bootstrap._gcd_import(name[level:], package, level)
           ^^^^^^^^^^^^^^^^^^^^^^^^^^^^^^^^^^^^^^^^^^^^^^^^^^^^
  File "<frozen importlib._bootstrap>", line 1387, in _gcd_import
  File "<frozen importlib._bootstrap>", line 1360, in _find_and_load
  File "<frozen importlib._bootstrap>", line 1324, in _find_and_load_unlocked
ModuleNotFoundError: No module named 'econdata.settings'

2025-05-26 12:51:44,061 - scheduler.spider_scheduler - ERROR - Error running spider 'rba_tables': Spider execution failed: Traceback (most recent call last):
  File "/home/websinthe/code/econcell/.venv/bin/scrapy", line 10, in <module>
    sys.exit(execute())
             ^^^^^^^^^
  File "/home/websinthe/code/econcell/.venv/lib/python3.12/site-packages/scrapy/cmdline.py", line 172, in execute
    settings = get_project_settings()
               ^^^^^^^^^^^^^^^^^^^^^^
  File "/home/websinthe/code/econcell/.venv/lib/python3.12/site-packages/scrapy/utils/project.py", line 73, in get_project_settings
    settings.setmodule(settings_module_path, priority="project")
  File "/home/websinthe/code/econcell/.venv/lib/python3.12/site-packages/scrapy/settings/__init__.py", line 481, in setmodule
    module = import_module(module)
             ^^^^^^^^^^^^^^^^^^^^^
  File "/home/websinthe/.local/share/uv/python/cpython-3.12.10-linux-x86_64-gnu/lib/python3.12/importlib/__init__.py", line 90, in import_module
    return _bootstrap._gcd_import(name[level:], package, level)
           ^^^^^^^^^^^^^^^^^^^^^^^^^^^^^^^^^^^^^^^^^^^^^^^^^^^^
  File "<frozen importlib._bootstrap>", line 1387, in _gcd_import
  File "<frozen importlib._bootstrap>", line 1360, in _find_and_load
  File "<frozen importlib._bootstrap>", line 1324, in _find_and_load_unlocked
ModuleNotFoundError: No module named 'econdata.settings'
Traceback (most recent call last):
  File "/home/websinthe/code/econcell/src/scheduler/spider_scheduler.py", line 126, in run_spider
    raise RuntimeError(f"Spider execution failed: {result.stderr}")
RuntimeError: Spider execution failed: Traceback (most recent call last):
  File "/home/websinthe/code/econcell/.venv/bin/scrapy", line 10, in <module>
    sys.exit(execute())
             ^^^^^^^^^
  File "/home/websinthe/code/econcell/.venv/lib/python3.12/site-packages/scrapy/cmdline.py", line 172, in execute
    settings = get_project_settings()
               ^^^^^^^^^^^^^^^^^^^^^^
  File "/home/websinthe/code/econcell/.venv/lib/python3.12/site-packages/scrapy/utils/project.py", line 73, in get_project_settings
    settings.setmodule(settings_module_path, priority="project")
  File "/home/websinthe/code/econcell/.venv/lib/python3.12/site-packages/scrapy/settings/__init__.py", line 481, in setmodule
    module = import_module(module)
             ^^^^^^^^^^^^^^^^^^^^^
  File "/home/websinthe/.local/share/uv/python/cpython-3.12.10-linux-x86_64-gnu/lib/python3.12/importlib/__init__.py", line 90, in import_module
    return _bootstrap._gcd_import(name[level:], package, level)
           ^^^^^^^^^^^^^^^^^^^^^^^^^^^^^^^^^^^^^^^^^^^^^^^^^^^^
  File "<frozen importlib._bootstrap>", line 1387, in _gcd_import
  File "<frozen importlib._bootstrap>", line 1360, in _find_and_load
  File "<frozen importlib._bootstrap>", line 1324, in _find_and_load_unlocked
ModuleNotFoundError: No module named 'econdata.settings'

2025-05-26 12:51:44,061 - scheduler.spider_scheduler - ERROR - Failed to run spider 'rba_tables': Spider execution failed: Traceback (most recent call last):
  File "/home/websinthe/code/econcell/.venv/bin/scrapy", line 10, in <module>
    sys.exit(execute())
             ^^^^^^^^^
  File "/home/websinthe/code/econcell/.venv/lib/python3.12/site-packages/scrapy/cmdline.py", line 172, in execute
    settings = get_project_settings()
               ^^^^^^^^^^^^^^^^^^^^^^
  File "/home/websinthe/code/econcell/.venv/lib/python3.12/site-packages/scrapy/utils/project.py", line 73, in get_project_settings
    settings.setmodule(settings_module_path, priority="project")
  File "/home/websinthe/code/econcell/.venv/lib/python3.12/site-packages/scrapy/settings/__init__.py", line 481, in setmodule
    module = import_module(module)
             ^^^^^^^^^^^^^^^^^^^^^
  File "/home/websinthe/.local/share/uv/python/cpython-3.12.10-linux-x86_64-gnu/lib/python3.12/importlib/__init__.py", line 90, in import_module
    return _bootstrap._gcd_import(name[level:], package, level)
           ^^^^^^^^^^^^^^^^^^^^^^^^^^^^^^^^^^^^^^^^^^^^^^^^^^^^
  File "<frozen importlib._bootstrap>", line 1387, in _gcd_import
  File "<frozen importlib._bootstrap>", line 1360, in _find_and_load
  File "<frozen importlib._bootstrap>", line 1324, in _find_and_load_unlocked
ModuleNotFoundError: No module named 'econdata.settings'
Traceback (most recent call last):
  File "/home/websinthe/code/econcell/src/scheduler/spider_scheduler.py", line 126, in run_spider
    raise RuntimeError(f"Spider execution failed: {result.stderr}")
RuntimeError: Spider execution failed: Traceback (most recent call last):
  File "/home/websinthe/code/econcell/.venv/bin/scrapy", line 10, in <module>
    sys.exit(execute())
             ^^^^^^^^^
  File "/home/websinthe/code/econcell/.venv/lib/python3.12/site-packages/scrapy/cmdline.py", line 172, in execute
    settings = get_project_settings()
               ^^^^^^^^^^^^^^^^^^^^^^
  File "/home/websinthe/code/econcell/.venv/lib/python3.12/site-packages/scrapy/utils/project.py", line 73, in get_project_settings
    settings.setmodule(settings_module_path, priority="project")
  File "/home/websinthe/code/econcell/.venv/lib/python3.12/site-packages/scrapy/settings/__init__.py", line 481, in setmodule
    module = import_module(module)
             ^^^^^^^^^^^^^^^^^^^^^
  File "/home/websinthe/.local/share/uv/python/cpython-3.12.10-linux-x86_64-gnu/lib/python3.12/importlib/__init__.py", line 90, in import_module
    return _bootstrap._gcd_import(name[level:], package, level)
           ^^^^^^^^^^^^^^^^^^^^^^^^^^^^^^^^^^^^^^^^^^^^^^^^^^^^
  File "<frozen importlib._bootstrap>", line 1387, in _gcd_import
  File "<frozen importlib._bootstrap>", line 1360, in _find_and_load
  File "<frozen importlib._bootstrap>", line 1324, in _find_and_load_unlocked
ModuleNotFoundError: No module named 'econdata.settings'

2025-05-26 12:51:56,099 - scheduler.spider_scheduler - INFO - Running spider 'xrapi-currencies' immediately
2025-05-26 12:51:56,099 - scheduler.spider_scheduler - INFO - Scheduled execution: XR API Currencies spider
2025-05-26 12:51:56,099 - scheduler.spider_scheduler - INFO - Starting spider: xrapi-currencies
2025-05-26 12:51:56,264 - scheduler.spider_scheduler - ERROR - Spider 'xrapi-currencies' failed with return code 1
2025-05-26 12:51:56,264 - scheduler.spider_scheduler - ERROR - Spider error: Traceback (most recent call last):
  File "/home/websinthe/code/econcell/.venv/bin/scrapy", line 10, in <module>
    sys.exit(execute())
             ^^^^^^^^^
  File "/home/websinthe/code/econcell/.venv/lib/python3.12/site-packages/scrapy/cmdline.py", line 172, in execute
    settings = get_project_settings()
               ^^^^^^^^^^^^^^^^^^^^^^
  File "/home/websinthe/code/econcell/.venv/lib/python3.12/site-packages/scrapy/utils/project.py", line 73, in get_project_settings
    settings.setmodule(settings_module_path, priority="project")
  File "/home/websinthe/code/econcell/.venv/lib/python3.12/site-packages/scrapy/settings/__init__.py", line 481, in setmodule
    module = import_module(module)
             ^^^^^^^^^^^^^^^^^^^^^
  File "/home/websinthe/.local/share/uv/python/cpython-3.12.10-linux-x86_64-gnu/lib/python3.12/importlib/__init__.py", line 90, in import_module
    return _bootstrap._gcd_import(name[level:], package, level)
           ^^^^^^^^^^^^^^^^^^^^^^^^^^^^^^^^^^^^^^^^^^^^^^^^^^^^
  File "<frozen importlib._bootstrap>", line 1387, in _gcd_import
  File "<frozen importlib._bootstrap>", line 1360, in _find_and_load
  File "<frozen importlib._bootstrap>", line 1324, in _find_and_load_unlocked
ModuleNotFoundError: No module named 'econdata.settings'

2025-05-26 12:51:56,264 - scheduler.spider_scheduler - ERROR - Error running spider 'xrapi-currencies': Spider execution failed: Traceback (most recent call last):
  File "/home/websinthe/code/econcell/.venv/bin/scrapy", line 10, in <module>
    sys.exit(execute())
             ^^^^^^^^^
  File "/home/websinthe/code/econcell/.venv/lib/python3.12/site-packages/scrapy/cmdline.py", line 172, in execute
    settings = get_project_settings()
               ^^^^^^^^^^^^^^^^^^^^^^
  File "/home/websinthe/code/econcell/.venv/lib/python3.12/site-packages/scrapy/utils/project.py", line 73, in get_project_settings
    settings.setmodule(settings_module_path, priority="project")
  File "/home/websinthe/code/econcell/.venv/lib/python3.12/site-packages/scrapy/settings/__init__.py", line 481, in setmodule
    module = import_module(module)
             ^^^^^^^^^^^^^^^^^^^^^
  File "/home/websinthe/.local/share/uv/python/cpython-3.12.10-linux-x86_64-gnu/lib/python3.12/importlib/__init__.py", line 90, in import_module
    return _bootstrap._gcd_import(name[level:], package, level)
           ^^^^^^^^^^^^^^^^^^^^^^^^^^^^^^^^^^^^^^^^^^^^^^^^^^^^
  File "<frozen importlib._bootstrap>", line 1387, in _gcd_import
  File "<frozen importlib._bootstrap>", line 1360, in _find_and_load
  File "<frozen importlib._bootstrap>", line 1324, in _find_and_load_unlocked
ModuleNotFoundError: No module named 'econdata.settings'
Traceback (most recent call last):
  File "/home/websinthe/code/econcell/src/scheduler/spider_scheduler.py", line 126, in run_spider
    raise RuntimeError(f"Spider execution failed: {result.stderr}")
RuntimeError: Spider execution failed: Traceback (most recent call last):
  File "/home/websinthe/code/econcell/.venv/bin/scrapy", line 10, in <module>
    sys.exit(execute())
             ^^^^^^^^^
  File "/home/websinthe/code/econcell/.venv/lib/python3.12/site-packages/scrapy/cmdline.py", line 172, in execute
    settings = get_project_settings()
               ^^^^^^^^^^^^^^^^^^^^^^
  File "/home/websinthe/code/econcell/.venv/lib/python3.12/site-packages/scrapy/utils/project.py", line 73, in get_project_settings
    settings.setmodule(settings_module_path, priority="project")
  File "/home/websinthe/code/econcell/.venv/lib/python3.12/site-packages/scrapy/settings/__init__.py", line 481, in setmodule
    module = import_module(module)
             ^^^^^^^^^^^^^^^^^^^^^
  File "/home/websinthe/.local/share/uv/python/cpython-3.12.10-linux-x86_64-gnu/lib/python3.12/importlib/__init__.py", line 90, in import_module
    return _bootstrap._gcd_import(name[level:], package, level)
           ^^^^^^^^^^^^^^^^^^^^^^^^^^^^^^^^^^^^^^^^^^^^^^^^^^^^
  File "<frozen importlib._bootstrap>", line 1387, in _gcd_import
  File "<frozen importlib._bootstrap>", line 1360, in _find_and_load
  File "<frozen importlib._bootstrap>", line 1324, in _find_and_load_unlocked
ModuleNotFoundError: No module named 'econdata.settings'

2025-05-26 12:51:56,265 - scheduler.spider_scheduler - ERROR - Failed to run spider 'xrapi-currencies': Spider execution failed: Traceback (most recent call last):
  File "/home/websinthe/code/econcell/.venv/bin/scrapy", line 10, in <module>
    sys.exit(execute())
             ^^^^^^^^^
  File "/home/websinthe/code/econcell/.venv/lib/python3.12/site-packages/scrapy/cmdline.py", line 172, in execute
    settings = get_project_settings()
               ^^^^^^^^^^^^^^^^^^^^^^
  File "/home/websinthe/code/econcell/.venv/lib/python3.12/site-packages/scrapy/utils/project.py", line 73, in get_project_settings
    settings.setmodule(settings_module_path, priority="project")
  File "/home/websinthe/code/econcell/.venv/lib/python3.12/site-packages/scrapy/settings/__init__.py", line 481, in setmodule
    module = import_module(module)
             ^^^^^^^^^^^^^^^^^^^^^
  File "/home/websinthe/.local/share/uv/python/cpython-3.12.10-linux-x86_64-gnu/lib/python3.12/importlib/__init__.py", line 90, in import_module
    return _bootstrap._gcd_import(name[level:], package, level)
           ^^^^^^^^^^^^^^^^^^^^^^^^^^^^^^^^^^^^^^^^^^^^^^^^^^^^
  File "<frozen importlib._bootstrap>", line 1387, in _gcd_import
  File "<frozen importlib._bootstrap>", line 1360, in _find_and_load
  File "<frozen importlib._bootstrap>", line 1324, in _find_and_load_unlocked
ModuleNotFoundError: No module named 'econdata.settings'
Traceback (most recent call last):
  File "/home/websinthe/code/econcell/src/scheduler/spider_scheduler.py", line 126, in run_spider
    raise RuntimeError(f"Spider execution failed: {result.stderr}")
RuntimeError: Spider execution failed: Traceback (most recent call last):
  File "/home/websinthe/code/econcell/.venv/bin/scrapy", line 10, in <module>
    sys.exit(execute())
             ^^^^^^^^^
  File "/home/websinthe/code/econcell/.venv/lib/python3.12/site-packages/scrapy/cmdline.py", line 172, in execute
    settings = get_project_settings()
               ^^^^^^^^^^^^^^^^^^^^^^
  File "/home/websinthe/code/econcell/.venv/lib/python3.12/site-packages/scrapy/utils/project.py", line 73, in get_project_settings
    settings.setmodule(settings_module_path, priority="project")
  File "/home/websinthe/code/econcell/.venv/lib/python3.12/site-packages/scrapy/settings/__init__.py", line 481, in setmodule
    module = import_module(module)
             ^^^^^^^^^^^^^^^^^^^^^
  File "/home/websinthe/.local/share/uv/python/cpython-3.12.10-linux-x86_64-gnu/lib/python3.12/importlib/__init__.py", line 90, in import_module
    return _bootstrap._gcd_import(name[level:], package, level)
           ^^^^^^^^^^^^^^^^^^^^^^^^^^^^^^^^^^^^^^^^^^^^^^^^^^^^
  File "<frozen importlib._bootstrap>", line 1387, in _gcd_import
  File "<frozen importlib._bootstrap>", line 1360, in _find_and_load
  File "<frozen importlib._bootstrap>", line 1324, in _find_and_load_unlocked
ModuleNotFoundError: No module named 'econdata.settings'

2025-05-26 12:54:46,986 - scheduler.spider_scheduler - INFO - Running spider 'rba_tables' immediately
2025-05-26 12:54:46,986 - scheduler.spider_scheduler - INFO - Scheduled execution: RBA Tables spider
2025-05-26 12:54:46,986 - scheduler.spider_scheduler - INFO - Starting spider: rba_tables
2025-05-26 12:54:47,137 - scheduler.spider_scheduler - ERROR - Spider 'rba_tables' failed with return code 1
2025-05-26 12:54:47,137 - scheduler.spider_scheduler - ERROR - Spider error: Traceback (most recent call last):
  File "/home/websinthe/code/econcell/.venv/bin/scrapy", line 10, in <module>
    sys.exit(execute())
             ^^^^^^^^^
  File "/home/websinthe/code/econcell/.venv/lib/python3.12/site-packages/scrapy/cmdline.py", line 172, in execute
    settings = get_project_settings()
               ^^^^^^^^^^^^^^^^^^^^^^
  File "/home/websinthe/code/econcell/.venv/lib/python3.12/site-packages/scrapy/utils/project.py", line 73, in get_project_settings
    settings.setmodule(settings_module_path, priority="project")
  File "/home/websinthe/code/econcell/.venv/lib/python3.12/site-packages/scrapy/settings/__init__.py", line 481, in setmodule
    module = import_module(module)
             ^^^^^^^^^^^^^^^^^^^^^
  File "/home/websinthe/.local/share/uv/python/cpython-3.12.10-linux-x86_64-gnu/lib/python3.12/importlib/__init__.py", line 90, in import_module
    return _bootstrap._gcd_import(name[level:], package, level)
           ^^^^^^^^^^^^^^^^^^^^^^^^^^^^^^^^^^^^^^^^^^^^^^^^^^^^
  File "<frozen importlib._bootstrap>", line 1387, in _gcd_import
  File "<frozen importlib._bootstrap>", line 1360, in _find_and_load
  File "<frozen importlib._bootstrap>", line 1324, in _find_and_load_unlocked
ModuleNotFoundError: No module named 'econdata.settings'

2025-05-26 12:54:47,137 - scheduler.spider_scheduler - ERROR - Error running spider 'rba_tables': Spider execution failed: Traceback (most recent call last):
  File "/home/websinthe/code/econcell/.venv/bin/scrapy", line 10, in <module>
    sys.exit(execute())
             ^^^^^^^^^
  File "/home/websinthe/code/econcell/.venv/lib/python3.12/site-packages/scrapy/cmdline.py", line 172, in execute
    settings = get_project_settings()
               ^^^^^^^^^^^^^^^^^^^^^^
  File "/home/websinthe/code/econcell/.venv/lib/python3.12/site-packages/scrapy/utils/project.py", line 73, in get_project_settings
    settings.setmodule(settings_module_path, priority="project")
  File "/home/websinthe/code/econcell/.venv/lib/python3.12/site-packages/scrapy/settings/__init__.py", line 481, in setmodule
    module = import_module(module)
             ^^^^^^^^^^^^^^^^^^^^^
  File "/home/websinthe/.local/share/uv/python/cpython-3.12.10-linux-x86_64-gnu/lib/python3.12/importlib/__init__.py", line 90, in import_module
    return _bootstrap._gcd_import(name[level:], package, level)
           ^^^^^^^^^^^^^^^^^^^^^^^^^^^^^^^^^^^^^^^^^^^^^^^^^^^^
  File "<frozen importlib._bootstrap>", line 1387, in _gcd_import
  File "<frozen importlib._bootstrap>", line 1360, in _find_and_load
  File "<frozen importlib._bootstrap>", line 1324, in _find_and_load_unlocked
ModuleNotFoundError: No module named 'econdata.settings'
Traceback (most recent call last):
  File "/home/websinthe/code/econcell/src/scheduler/spider_scheduler.py", line 140, in run_spider
    raise RuntimeError(f"Spider execution failed: {result.stderr}")
RuntimeError: Spider execution failed: Traceback (most recent call last):
  File "/home/websinthe/code/econcell/.venv/bin/scrapy", line 10, in <module>
    sys.exit(execute())
             ^^^^^^^^^
  File "/home/websinthe/code/econcell/.venv/lib/python3.12/site-packages/scrapy/cmdline.py", line 172, in execute
    settings = get_project_settings()
               ^^^^^^^^^^^^^^^^^^^^^^
  File "/home/websinthe/code/econcell/.venv/lib/python3.12/site-packages/scrapy/utils/project.py", line 73, in get_project_settings
    settings.setmodule(settings_module_path, priority="project")
  File "/home/websinthe/code/econcell/.venv/lib/python3.12/site-packages/scrapy/settings/__init__.py", line 481, in setmodule
    module = import_module(module)
             ^^^^^^^^^^^^^^^^^^^^^
  File "/home/websinthe/.local/share/uv/python/cpython-3.12.10-linux-x86_64-gnu/lib/python3.12/importlib/__init__.py", line 90, in import_module
    return _bootstrap._gcd_import(name[level:], package, level)
           ^^^^^^^^^^^^^^^^^^^^^^^^^^^^^^^^^^^^^^^^^^^^^^^^^^^^
  File "<frozen importlib._bootstrap>", line 1387, in _gcd_import
  File "<frozen importlib._bootstrap>", line 1360, in _find_and_load
  File "<frozen importlib._bootstrap>", line 1324, in _find_and_load_unlocked
ModuleNotFoundError: No module named 'econdata.settings'

2025-05-26 12:54:47,138 - scheduler.spider_scheduler - ERROR - Failed to run spider 'rba_tables': Spider execution failed: Traceback (most recent call last):
  File "/home/websinthe/code/econcell/.venv/bin/scrapy", line 10, in <module>
    sys.exit(execute())
             ^^^^^^^^^
  File "/home/websinthe/code/econcell/.venv/lib/python3.12/site-packages/scrapy/cmdline.py", line 172, in execute
    settings = get_project_settings()
               ^^^^^^^^^^^^^^^^^^^^^^
  File "/home/websinthe/code/econcell/.venv/lib/python3.12/site-packages/scrapy/utils/project.py", line 73, in get_project_settings
    settings.setmodule(settings_module_path, priority="project")
  File "/home/websinthe/code/econcell/.venv/lib/python3.12/site-packages/scrapy/settings/__init__.py", line 481, in setmodule
    module = import_module(module)
             ^^^^^^^^^^^^^^^^^^^^^
  File "/home/websinthe/.local/share/uv/python/cpython-3.12.10-linux-x86_64-gnu/lib/python3.12/importlib/__init__.py", line 90, in import_module
    return _bootstrap._gcd_import(name[level:], package, level)
           ^^^^^^^^^^^^^^^^^^^^^^^^^^^^^^^^^^^^^^^^^^^^^^^^^^^^
  File "<frozen importlib._bootstrap>", line 1387, in _gcd_import
  File "<frozen importlib._bootstrap>", line 1360, in _find_and_load
  File "<frozen importlib._bootstrap>", line 1324, in _find_and_load_unlocked
ModuleNotFoundError: No module named 'econdata.settings'
Traceback (most recent call last):
  File "/home/websinthe/code/econcell/src/scheduler/spider_scheduler.py", line 140, in run_spider
    raise RuntimeError(f"Spider execution failed: {result.stderr}")
RuntimeError: Spider execution failed: Traceback (most recent call last):
  File "/home/websinthe/code/econcell/.venv/bin/scrapy", line 10, in <module>
    sys.exit(execute())
             ^^^^^^^^^
  File "/home/websinthe/code/econcell/.venv/lib/python3.12/site-packages/scrapy/cmdline.py", line 172, in execute
    settings = get_project_settings()
               ^^^^^^^^^^^^^^^^^^^^^^
  File "/home/websinthe/code/econcell/.venv/lib/python3.12/site-packages/scrapy/utils/project.py", line 73, in get_project_settings
    settings.setmodule(settings_module_path, priority="project")
  File "/home/websinthe/code/econcell/.venv/lib/python3.12/site-packages/scrapy/settings/__init__.py", line 481, in setmodule
    module = import_module(module)
             ^^^^^^^^^^^^^^^^^^^^^
  File "/home/websinthe/.local/share/uv/python/cpython-3.12.10-linux-x86_64-gnu/lib/python3.12/importlib/__init__.py", line 90, in import_module
    return _bootstrap._gcd_import(name[level:], package, level)
           ^^^^^^^^^^^^^^^^^^^^^^^^^^^^^^^^^^^^^^^^^^^^^^^^^^^^
  File "<frozen importlib._bootstrap>", line 1387, in _gcd_import
  File "<frozen importlib._bootstrap>", line 1360, in _find_and_load
  File "<frozen importlib._bootstrap>", line 1324, in _find_and_load_unlocked
ModuleNotFoundError: No module named 'econdata.settings'

2025-05-26 12:56:30,637 - scheduler.spider_scheduler - INFO - Running spider 'rba_tables' immediately
2025-05-26 12:56:30,637 - scheduler.spider_scheduler - INFO - Scheduled execution: RBA Tables spider
2025-05-26 12:56:30,637 - scheduler.spider_scheduler - INFO - Starting spider: rba_tables
2025-05-26 12:57:45,818 - scheduler.spider_scheduler - INFO - Running spider 'xrapi-currencies' immediately
2025-05-26 12:57:45,818 - scheduler.spider_scheduler - INFO - Scheduled execution: XR API Currencies spider
2025-05-26 12:57:45,818 - scheduler.spider_scheduler - INFO - Starting spider: xrapi-currencies
2025-05-26 12:57:48,918 - scheduler.spider_scheduler - INFO - Spider 'xrapi-currencies' completed successfully
2025-05-26 12:59:05,096 - scheduler.spider_scheduler - INFO - Running spider 'rba_tables' immediately
2025-05-26 12:59:05,096 - scheduler.spider_scheduler - INFO - Scheduled execution: RBA Tables spider
2025-05-26 12:59:05,096 - scheduler.spider_scheduler - INFO - Starting spider: rba_tables
2025-05-26 13:03:01,717 - scheduler.spider_scheduler - INFO - Spider 'rba_tables' completed successfully
2025-05-26 13:05:37,283 - scheduler.spider_scheduler - INFO - Spider 'rba_tables' completed successfully
2025-05-26 13:09:17,157 - scheduler.spider_scheduler - INFO - Running spider 'xrapi-currencies' immediately
2025-05-26 13:09:17,157 - scheduler.spider_scheduler - INFO - Scheduled execution: XR API Currencies spider
2025-05-26 13:09:17,157 - scheduler.spider_scheduler - INFO - Starting spider: xrapi-currencies
2025-05-26 13:09:20,365 - scheduler.spider_scheduler - INFO - Spider 'xrapi-currencies' completed successfully
2025-05-26 13:11:37,399 - scheduler.spider_scheduler - INFO - Starting Spider Scheduler...
2025-05-26 13:11:37,400 - scheduler.spider_scheduler - INFO - Working directory: /
2025-05-26 13:11:37,400 - scheduler.spider_scheduler - INFO - Scrapy project directory: /home/websinthe/code/econcell/src/econdata
2025-05-26 13:11:37,400 - apscheduler.scheduler - INFO - Adding job tentatively -- it will be properly scheduled when the scheduler starts
2025-05-26 13:11:37,400 - apscheduler.scheduler - INFO - Adding job tentatively -- it will be properly scheduled when the scheduler starts
2025-05-26 13:11:37,400 - scheduler.spider_scheduler - INFO - Scheduled jobs configured:
2025-05-26 13:11:37,400 - scheduler.spider_scheduler - INFO - - RBA Tables: Weekly on Saturday at 01:00 UTC+10
2025-05-26 13:11:37,400 - scheduler.spider_scheduler - INFO - - XR API Currencies: Daily at 01:00 UTC+10
2025-05-26 13:11:37,400 - scheduler.spider_scheduler - INFO - Scheduler started. Press Ctrl+C to stop.
2025-05-26 13:11:37,401 - apscheduler.scheduler - INFO - Added job "RBA Tables Weekly Spider" to job store "default"
2025-05-26 13:11:37,401 - apscheduler.scheduler - INFO - Added job "XR API Currencies Daily Spider" to job store "default"
2025-05-26 13:11:37,401 - apscheduler.scheduler - INFO - Scheduler started
